<?xml version="1.0" encoding="UTF-8"?>
<testng-results skipped="0" failed="0" ignored="0" total="1" passed="1">
  <reporter-output>
  </reporter-output>
  <suite name="Default suite" duration-ms="35" started-at="2022-03-14T10:39:24Z" finished-at="2022-03-14T10:39:24Z">
    <groups>
    </groups>
    <test name="Default test" duration-ms="35" started-at="2022-03-14T10:39:24Z" finished-at="2022-03-14T10:39:24Z">
      <class name="Demo.ReadDataArguementsTest">
        <test-method status="PASS" signature="demo()[pri:0, instance:Demo.ReadDataArguementsTest@56f4468b]" name="demo" duration-ms="10" started-at="2022-03-14T10:39:24Z" finished-at="2022-03-14T10:39:24Z">
          <reporter-output>
          </reporter-output>
        </test-method> <!-- demo -->
      </class> <!-- Demo.ReadDataArguementsTest -->
    </test> <!-- Default test -->
  </suite> <!-- Default suite -->
</testng-results>
