<?xml version="1.0" encoding="UTF-8"?>
<testng-results skipped="0" failed="0" ignored="0" total="1" passed="1">
  <reporter-output>
  </reporter-output>
  <suite name="Default suite" duration-ms="31" started-at="2022-03-10T09:31:13Z" finished-at="2022-03-10T09:31:13Z">
    <groups>
    </groups>
    <test name="Default test" duration-ms="31" started-at="2022-03-10T09:31:13Z" finished-at="2022-03-10T09:31:13Z">
      <class name="Demo.Demo">
        <test-method status="PASS" signature="demo()[pri:0, instance:Demo.Demo@56f4468b]" name="demo" duration-ms="10" started-at="2022-03-10T09:31:13Z" finished-at="2022-03-10T09:31:13Z">
          <reporter-output>
          </reporter-output>
        </test-method> <!-- demo -->
      </class> <!-- Demo.Demo -->
    </test> <!-- Default test -->
  </suite> <!-- Default suite -->
</testng-results>
